#
# A fatal error has been detected by the Java Runtime Environment:
#
#  EXCEPTION_ACCESS_VIOLATION (0xc0000005) at pc=0x00007ffcb4aa26c4, pid=16780, tid=41448
#
# JRE version: OpenJDK Runtime Environment (24.0.1+9) (build 24.0.1+9-30)
# Java VM: OpenJDK 64-Bit Server VM (24.0.1+9-30, mixed mode, emulated-client, sharing, tiered, compressed oops, compressed class ptrs, g1 gc, windows-amd64)
# Problematic frame:
# C  [libasyncProfiler.dll+0x926c4]
#
# No core dump will be written. Minidumps are not enabled by default on client versions of Windows
#
# JFR recording file will be written. Location: C:\Users\hp\Downloads\wartungski (1)\hs_err_pid16780.jfr
#
# If you would like to submit a bug report, please visit:
#   https://bugreport.java.com/bugreport/crash.jsp
# The crash happened outside the Java Virtual Machine in native code.
# See problematic frame for where to report the bug.
#

---------------  S U M M A R Y ------------

Command Line: -XX:TieredStopAtLevel=1 -Dspring.output.ansi.enabled=always -Dcom.sun.management.jmxremote -Dspring.jmx.enabled=true -Dspring.liveBeansView.mbeanDomain -Dspring.application.admin.enabled=true -Dmanagement.endpoints.jmx.exposure.include=* -javaagent:C:\Program Files\JetBrains\IntelliJ IDEA 2025.1.2\lib\idea_rt.jar=57051 -Dfile.encoding=UTF-8 -Dsun.stdout.encoding=UTF-8 -Dsun.stderr.encoding=UTF-8 com.fc.wartungski.WartungskiApplication

Host: 13th Gen Intel(R) Core(TM) i7-13620H, 16 cores, 15G,  Windows 11 , 64 bit Build 26100 (10.0.26100.7920)
Time: Fri Mar 27 11:38:51 2026 Türkiye Standart Saati elapsed time: 13.078650 seconds (0d 0h 0m 13s)

---------------  T H R E A D  ---------------

Current thread (0x000001e65d38b600):  JavaThread "Attach Listener" daemon [_thread_in_native, id=41448, stack(0x000000a570000000,0x000000a570100000) (1024K)]

Stack: [0x000000a570000000,0x000000a570100000],  sp=0x000000a5700feeb0,  free space=1019k
Native frames: (J=compiled Java code, j=interpreted, Vv=VM code, C=native code)
C  [libasyncProfiler.dll+0x926c4]  (no source info available)
C  [libasyncProfiler.dll+0x92b9b]  (no source info available)
C  [libasyncProfiler.dll+0x917f4]  (no source info available)
C  [libasyncProfiler.dll+0x9206a]  (no source info available)
C  [libasyncProfiler.dll+0x8cc21]  (no source info available)
C  [libasyncProfiler.dll+0x7e5e1]  (no source info available)
C  [libasyncProfiler.dll+0x7d2f8]  (no source info available)
C  [libasyncProfiler.dll+0x7d1e0]  (no source info available)
C  [libasyncProfiler.dll+0x841b9]  (no source info available)
V  [jvm.dll+0x57eff7]  (no source info available)
V  [jvm.dll+0x57fdac]  (no source info available)
V  [jvm.dll+0x14ca17]  (no source info available)
V  [jvm.dll+0x14dfe1]  (no source info available)
V  [jvm.dll+0x42f456]  (no source info available)
V  [jvm.dll+0x87d76b]  (no source info available)
V  [jvm.dll+0x72ee55]  (no source info available)
C  [ucrtbase.dll+0x37b0]  (no source info available)
C  [KERNEL32.DLL+0x2e8d7]  (no source info available)
C  [ntdll.dll+0x8c48c]  (no source info available)


siginfo: EXCEPTION_ACCESS_VIOLATION (0xc0000005), reading address 0xffffffffffffffff


Registers:
RAX=0x0000000000000010, RBX=0x0000000000000000, RCX=0xffffffffffffffff, RDX=0x007ffc63e2300010
RSP=0x000000a5700feeb0, RBP=0x000001e64587d570, RSI=0x000000a5700ff020, RDI=0x000001e64587d570
R8 =0x0000000000000042, R9 =0x0000000705c00000, R10=0x00007ffc64099fb0, R11=0x0000000000000022
R12=0x000000a5700ff020, R13=0x000001e65ea810e0, R14=0x000001e65d38b9c8, R15=0x000001e65d38b9c8
RIP=0x00007ffcb4aa26c4, EFLAGS=0x0000000000010202

XMM[0]=0x0000000000000000 0x0000000000000000
XMM[1]=0x0000000000000000 0x0000000000000000
XMM[2]=0x0000000000000000 0x0000000000000000
XMM[3]=0x0000000000000000 0x0000000000000000
XMM[4]=0x0000000000000000 0x0000000000000000
XMM[5]=0x0000000000000000 0x0000000000000000
XMM[6]=0x0000000000000000 0x0000000000000000
XMM[7]=0x0000000000000000 0x0000000000000000
XMM[8]=0x0000000000000000 0x0000000000000000
XMM[9]=0x0000000000000000 0x0000000000000000
XMM[10]=0x0000000000000000 0x0000000000000000
XMM[11]=0x0000000000000000 0x0000000000000000
XMM[12]=0x0000000000000000 0x0000000000000000
XMM[13]=0x0000000000000000 0x0000000000000000
XMM[14]=0x0000000000000000 0x0000000000000000
XMM[15]=0x0000000000000000 0x0000000000000000
  MXCSR=0x00001fa0


Register to memory mapping:

RAX=0x0000000000000010 is an unknown value
RBX=0x0 is null
RCX=0xffffffffffffffff is an unknown value
RDX=0x007ffc63e2300010 is an unknown value
RSP=0x000000a5700feeb0 is pointing into the stack for thread: 0x000001e65d38b600
RBP=0x000001e64587d570 points into unknown readable memory: 0x0000000705c00000 | 00 00 c0 05 07 00 00 00
RSI=0x000000a5700ff020 is pointing into the stack for thread: 0x000001e65d38b600
RDI=0x000001e64587d570 points into unknown readable memory: 0x0000000705c00000 | 00 00 c0 05 07 00 00 00
R8 =0x0000000000000042 is an unknown value
R9 =0x0000000705c00000 is an oop: java.lang.ref.Reference$ReferenceHandler 
{0x0000000705c00000} - klass: 'java/lang/ref/Reference$ReferenceHandler' - flags: 

 - ---- fields (total size 14 words):
 - 'threadLocalRandomProbe' 'I' @12  0 (0x00000000)
 - private volatile 'eetop' 'J' @16  2088918083920 (0x000001e65d386950)
 - private final 'tid' 'J' @24  15 (0x000000000000000f)
 - 'threadLocalRandomSeed' 'J' @32  0 (0x0000000000000000)
 - injected 'jvmti_thread_state' 'J' @40  2088540193520 (0x000001e646b242f0)
 - 'threadLocalRandomSecondarySeed' 'I' @48  0 (0x00000000)
 - injected 'jvmti_VTMS_transition_disable_count' 'I' @52  0 (0x00000000)
 - injected 'jfr_epoch' 'S' @56  0 (0x0000)
 - volatile 'interrupted' 'Z' @58  false (0x00)
 - injected 'jvmti_is_in_VTMS_transition' 'Z' @59  false (0x00)
 - private volatile 'name' 'Ljava/lang/String;' @60  "Reference Handler"{0x0000000705fb70a0} (0xe0bf6e14)
 - private volatile 'contextClassLoader' 'Ljava/lang/ClassLoader;' @64  null (0x00000000)
 - private final 'holder' 'Ljava/lang/Thread$FieldHolder;' @68  a 'java/lang/Thread$FieldHolder'{0x000000070624da20} (0xe0c49b44)
 - 'threadLocals' 'Ljava/lang/ThreadLocal$ThreadLocalMap;' @72  null (0x00000000)
 - 'inheritableThreadLocals' 'Ljava/lang/ThreadLocal$ThreadLocalMap;' @76  null (0x00000000)
 - private 'scopedValueBindings' 'Ljava/lang/Object;' @80  a 'java/lang/Class'{0x0000000705c02e70} = 'java/lang/Thread' (0xe0b805ce)
 - final 'interruptLock' 'Ljava/lang/Object;' @84  a 'java/lang/Object'{0x000000070624da10} (0xe0c49b42)
 - private volatile 'parkBlocker' 'Ljava/lang/Object;' @88  null (0x00000000)
 - private 'nioBlocker' 'Lsun/nio/ch/Interruptible;' @92  null (0x00000000)
 - private 'cont' 'Ljdk/internal/vm/Continuation;' @96  null (0x00000000)
 - private volatile 'uncaughtExceptionHandler' 'Ljava/lang/Thread$UncaughtExceptionHandler;' @100  null (0x00000000)
 - private 'container' 'Ljdk/internal/vm/ThreadContainer;' @104  null (0x00000000)
 - private volatile 'headStackableScopes' 'Ljdk/internal/vm/StackableScope;' @108  null (0x00000000)
R10=0x00007ffc64099fb0 jvm.dll
R11=0x0000000000000022 is an unknown value
R12=0x000000a5700ff020 is pointing into the stack for thread: 0x000001e65d38b600
R13=0x000001e65ea810e0 points into unknown readable memory: 0x00007ffc6400a510 | 10 a5 00 64 fc 7f 00 00
R14=0x000001e65d38b9c8 points into unknown readable memory: 0x00007ffc640017b0 | b0 17 00 64 fc 7f 00 00
R15=0x000001e65d38b9c8 points into unknown readable memory: 0x00007ffc640017b0 | b0 17 00 64 fc 7f 00 00

Top of Stack: (sp=0x000000a5700feeb0)
0x000000a5700feeb0:   000000a5700ff020 000001e64587d570    ..p....p..E....
0x000000a5700feec0:   0000000000000000 000001e65d2228b0   .........("]....
0x000000a5700feed0:   000000000000003f 00007ffcb4aa2b9b   ?........+......
0x000000a5700feee0:   0000000000000000 000001e65d38b9c8   ..........8]....
0x000000a5700feef0:   000000a5700ff001 0000000000000000   ...p............
0x000000a5700fef00:   000001e64585bf30 00007ffcb4aa17f4   0..E............
0x000000a5700fef10:   0000000000000000 000000000000003f   ........?.......
0x000000a5700fef20:   0000000000000000 000000000000003f   ........?.......
0x000000a5700fef30:   0000001e00000002 000001e645837be0   .........{.E....
0x000000a5700fef40:   000001e64585bf30 000001e64585c02c   0..E....,..E....
0x000000a5700fef50:   000001e64585c02c 000000000000da34   ,..E....4.......
0x000000a5700fef60:   0000000000000000 0000000000000000   ................
0x000000a5700fef70:   0000000000000000 00007ffc638657d4   .........W.c....
0x000000a5700fef80:   00007ffcb4be4ca0 000000000000418c   .L.......A......
0x000000a5700fef90:   00007ffcb4be4ca0 00000000ffffffff   .L..............
0x000000a5700fefa0:   0000000000000000 00007ffcb4aa206a   ........j ......
0x000000a5700fefb0:   000001e65d38b9c8 0000000000000000   ..8]............
0x000000a5700fefc0:   000000a5700ff029 000001e65ea810e0   )..p.......^....
0x000000a5700fefd0:   0000000000000004 0000000000000048   ........H.......
0x000000a5700fefe0:   0000000800800310 0000000000000020   ........ .......
0x000000a5700feff0:   000001e65d38b9c8 00007ffcb4be4ca0   ..8].....L......
0x000000a5700ff000:   000001e64a0645a0 000001e646b242f0   .E.J.....B.F....
0x000000a5700ff010:   0000000800800390 000001e65d38b9c8   ..........8]....
0x000000a5700ff020:   000001e6603a3270 000001e6603a3a50   p2:`....P::`....
0x000000a5700ff030:   000001e6603a3a50 00007ffcb4be4ca0   P::`.....L......
0x000000a5700ff040:   000001e6450c3af8 000000a5700ff1b8   .:.E.......p....
0x000000a5700ff050:   000000a5700ff2f0 0000000000008840   ...p....@.......
0x000000a5700ff060:   000000a5700ff4d0 00007ffcb4be4cf0   ...p.....L......
0x000000a5700ff070:   0000000000989680 0000000000989680   ................
0x000000a5700ff080:   000000a5700ff190 00007ffcb4a9cc21   ...p....!.......
0x000000a5700ff090:   00007ffcb4be4ca0 00007ffcb4be4cf8   .L.......L......
0x000000a5700ff0a0:   00007ffc00000000 00007ffc00000001   ................

Instructions: (pc=0x00007ffcb4aa26c4)
  0x00007ffcb4aa25c4:   cc cc cc cc cc cc cc cc cc cc cc cc cc cc cc cc
  0x00007ffcb4aa25d4:   cc cc cc cc cc cc cc cc cc cc cc cc cc cc cc cc
  0x00007ffcb4aa25e4:   cc cc cc cc cc cc cc cc cc cc cc cc cc cc cc cc
  0x00007ffcb4aa25f4:   cc cc cc cc cc cc cc cc cc cc cc cc cc cc cc cc
  0x00007ffcb4aa2604:   cc cc cc cc cc cc cc cc cc cc cc cc cc cc cc cc
  0x00007ffcb4aa2614:   cc cc cc cc cc cc cc cc cc cc cc cc cc cc cc cc
  0x00007ffcb4aa2624:   cc cc cc cc cc cc cc cc cc cc cc cc cc cc cc cc
  0x00007ffcb4aa2634:   cc cc cc cc cc cc cc cc cc cc cc cc cc cc cc cc
  0x00007ffcb4aa2644:   cc cc cc cc cc cc cc cc cc cc cc cc 40 57 48 83
  0x00007ffcb4aa2654:   ec 20 48 8b f9 48 8b 0d 10 28 14 00 48 85 c9 74
  0x00007ffcb4aa2664:   20 48 8b 01 48 8d 54 24 38 41 b8 06 00 01 00 4c
  0x00007ffcb4aa2674:   8b 48 30 41 ff d1 85 c0 75 07 48 8b 4c 24 38 eb
  0x00007ffcb4aa2684:   02 33 c9 4c 8b 05 ea 28 14 00 48 89 5c 24 30 4d
  0x00007ffcb4aa2694:   85 c0 74 4a 48 8b 01 48 8b d7 4c 8b 88 28 03 00
  0x00007ffcb4aa26a4:   00 41 ff d1 48 85 c0 74 35 48 63 0d f8 e6 13 00
  0x00007ffcb4aa26b4:   48 8b 14 01 48 85 d2 74 15 48 63 05 fc e6 13 00
=>0x00007ffcb4aa26c4:   8b 04 10 48 8b 5c 24 30 48 83 c4 20 5f c3 b8 ff
  0x00007ffcb4aa26d4:   ff ff ff 48 8b 5c 24 30 48 83 c4 20 5f c3 80 3d
  0x00007ffcb4aa26e4:   9b 27 14 00 00 bb ff ff ff ff 74 20 4c 8b 0d 31
  0x00007ffcb4aa26f4:   24 14 00 4c 8d 44 24 38 48 8b 0d 15 24 14 00 48
  0x00007ffcb4aa2704:   8b d7 41 ff d1 85 c0 0f 44 5c 24 38 8b c3 48 8b
  0x00007ffcb4aa2714:   5c 24 30 48 83 c4 20 5f c3 cc cc cc cc cc cc cc
  0x00007ffcb4aa2724:   cc cc cc cc cc cc cc cc cc cc cc cc cc cc cc cc
  0x00007ffcb4aa2734:   cc cc cc cc cc cc cc cc cc cc cc cc cc cc cc cc
  0x00007ffcb4aa2744:   cc cc cc cc cc cc cc cc cc cc cc cc 48 89 54 24
  0x00007ffcb4aa2754:   10 53 55 56 57 41 56 41 57 48 83 ec 28 48 8b f2
  0x00007ffcb4aa2764:   4c 8b f1 48 89 4c 24 78 45 33 ff 44 89 7c 24 68
  0x00007ffcb4aa2774:   c7 44 24 60 01 00 00 00 48 8d 4c 24 68 e8 ed 42
  0x00007ffcb4aa2784:   f7 ff 8b d8 48 8d 4c 24 60 e8 e1 42 f7 ff 8b e8
  0x00007ffcb4aa2794:   49 8b ce e8 00 fc f6 ff 48 8b f8 90 8b c3 f0 0f
  0x00007ffcb4aa27a4:   b1 2f 74 04 f3 90 eb f4 4c 89 3e 4c 89 7e 08 4c
  0x00007ffcb4aa27b4:   89 7e 10 49 8b 6e 08 4d 8b 76 10 49 3b ee 0f 84


Stack slot to memory mapping:

stack at sp + 0 slots: 0x000000a5700ff020 is pointing into the stack for thread: 0x000001e65d38b600
stack at sp + 1 slots: 0x000001e64587d570 points into unknown readable memory: 0x0000000705c00000 | 00 00 c0 05 07 00 00 00
stack at sp + 2 slots: 0x0 is null
stack at sp + 3 slots: 0x000001e65d2228b0 points into unknown readable memory: 0x6e616c2e6176616a | 6a 61 76 61 2e 6c 61 6e
stack at sp + 4 slots: 0x000000000000003f is an unknown value
stack at sp + 5 slots: 0x00007ffcb4aa2b9b libasyncProfiler.dll
stack at sp + 6 slots: 0x0 is null
stack at sp + 7 slots: 0x000001e65d38b9c8 points into unknown readable memory: 0x00007ffc640017b0 | b0 17 00 64 fc 7f 00 00

Lock stack of current Java thread (top to bottom):


---------------  P R O C E S S  ---------------

Threads class SMR info:
_java_thread_list=0x000001e6451125e0, length=38, elements={
0x000001e65d386950, 0x000001e65d387090, 0x000001e65d388eb0, 0x000001e65d38b600,
0x000001e65d38bd40, 0x000001e645014090, 0x000001e6450147d0, 0x000001e6450941e0,
0x000001e65d36a4b0, 0x000001e645159790, 0x000001e64516e040, 0x000001e64567e2f0,
0x000001e64567ee70, 0x000001e645cee470, 0x000001e645cf82b0, 0x000001e645d0afe0,
0x000001e645d0c380, 0x000001e6468c1ff0, 0x000001e6464774c0, 0x000001e6468a2b20,
0x000001e6468a39c0, 0x000001e6468a4110, 0x000001e65e1da360, 0x000001e65e1d94c0,
0x000001e65e1d9c10, 0x000001e65e1d7030, 0x000001e65e1d8620, 0x000001e65e1d7780,
0x000001e65e1d7ed0, 0x000001e65ec10300, 0x000001e65ec0f460, 0x000001e65ec0cfd0,
0x000001e65ec0ed10, 0x000001e65ec0de70, 0x000001e65ec0e5c0, 0x000001e65ec0fbb0,
0x000001e65ec12ee0, 0x000001e65ec13630
}

Java Threads: ( => current thread )
  0x000001e65d386950 JavaThread "Reference Handler"          daemon [_thread_blocked, id=29896, stack(0x000000a56fd00000,0x000000a56fe00000) (1024K)]
  0x000001e65d387090 JavaThread "Finalizer"                  daemon [_thread_blocked, id=30972, stack(0x000000a56fe00000,0x000000a56ff00000) (1024K)]
  0x000001e65d388eb0 JavaThread "Signal Dispatcher"          daemon [_thread_blocked, id=58572, stack(0x000000a56ff00000,0x000000a570000000) (1024K)]
=>0x000001e65d38b600 JavaThread "Attach Listener"            daemon [_thread_in_native, id=41448, stack(0x000000a570000000,0x000000a570100000) (1024K)]
  0x000001e65d38bd40 JavaThread "Service Thread"             daemon [_thread_blocked, id=48764, stack(0x000000a570100000,0x000000a570200000) (1024K)]
  0x000001e645014090 JavaThread "Monitor Deflation Thread"   daemon [_thread_blocked, id=5728, stack(0x000000a570200000,0x000000a570300000) (1024K)]
  0x000001e6450147d0 JavaThread "C1 CompilerThread0"         daemon [_thread_blocked, id=21468, stack(0x000000a570300000,0x000000a570400000) (1024K)]
  0x000001e6450941e0 JavaThread "C1 CompilerThread1"         daemon [_thread_blocked, id=53404, stack(0x000000a570400000,0x000000a570500000) (1024K)]
  0x000001e65d36a4b0 JavaThread "C1 CompilerThread2"         daemon [_thread_blocked, id=16056, stack(0x000000a570500000,0x000000a570600000) (1024K)]
  0x000001e645159790 JavaThread "Common-Cleaner"             daemon [_thread_blocked, id=12380, stack(0x000000a570600000,0x000000a570700000) (1024K)]
  0x000001e64516e040 JavaThread "C1 CompilerThread3"         daemon [_thread_blocked, id=7524, stack(0x000000a570700000,0x000000a570800000) (1024K)]
  0x000001e64567e2f0 JavaThread "Monitor Ctrl-Break"         daemon [_thread_in_native, id=25812, stack(0x000000a570800000,0x000000a570900000) (1024K)]
  0x000001e64567ee70 JavaThread "Notification Thread"        daemon [_thread_blocked, id=34800, stack(0x000000a570900000,0x000000a570a00000) (1024K)]
  0x000001e645cee470 JavaThread "RMI TCP Accept-0"           daemon [_thread_in_native, id=45972, stack(0x000000a570a00000,0x000000a570b00000) (1024K)]
  0x000001e645cf82b0 JavaThread "RMI TCP Connection(1)-192.168.1.5" daemon [_thread_in_native, id=50212, stack(0x000000a570b00000,0x000000a570c00000) (1024K)]
  0x000001e645d0afe0 JavaThread "RMI Scheduler(0)"           daemon [_thread_blocked, id=56520, stack(0x000000a570c00000,0x000000a570d00000) (1024K)]
  0x000001e645d0c380 JavaThread "JMX server connection timeout 40" daemon [_thread_blocked, id=16192, stack(0x000000a570d00000,0x000000a570e00000) (1024K)]
  0x000001e6468c1ff0 JavaThread "C1 CompilerThread4"         daemon [_thread_blocked, id=44456, stack(0x000000a571700000,0x000000a571800000) (1024K)]
  0x000001e6464774c0 JavaThread "C1 CompilerThread5"         daemon [_thread_blocked, id=44140, stack(0x000000a571800000,0x000000a571900000) (1024K)]
  0x000001e6468a2b20 JavaThread "Catalina-utility-1"                [_thread_blocked, id=51888, stack(0x000000a572000000,0x000000a572100000) (1024K)]
  0x000001e6468a39c0 JavaThread "Catalina-utility-2"                [_thread_blocked, id=55204, stack(0x000000a572100000,0x000000a572200000) (1024K)]
  0x000001e6468a4110 JavaThread "container-0"                       [_thread_blocked, id=37468, stack(0x000000a572200000,0x000000a572300000) (1024K)]
  0x000001e65e1da360 JavaThread "HikariPool-1:housekeeper"   daemon [_thread_blocked, id=52320, stack(0x000000a572300000,0x000000a572400000) (1024K)]
  0x000001e65e1d94c0 JavaThread "http-nio-8080-exec-1"       daemon [_thread_blocked, id=43996, stack(0x000000a572500000,0x000000a572600000) (1024K)]
  0x000001e65e1d9c10 JavaThread "http-nio-8080-exec-2"       daemon [_thread_blocked, id=6588, stack(0x000000a572600000,0x000000a572700000) (1024K)]
  0x000001e65e1d7030 JavaThread "http-nio-8080-exec-3"       daemon [_thread_blocked, id=41096, stack(0x000000a572700000,0x000000a572800000) (1024K)]
  0x000001e65e1d8620 JavaThread "http-nio-8080-exec-4"       daemon [_thread_blocked, id=33744, stack(0x000000a572800000,0x000000a572900000) (1024K)]
  0x000001e65e1d7780 JavaThread "http-nio-8080-exec-5"       daemon [_thread_blocked, id=60268, stack(0x000000a572900000,0x000000a572a00000) (1024K)]
  0x000001e65e1d7ed0 JavaThread "http-nio-8080-exec-6"       daemon [_thread_blocked, id=51800, stack(0x000000a572a00000,0x000000a572b00000) (1024K)]
  0x000001e65ec10300 JavaThread "http-nio-8080-exec-7"       daemon [_thread_blocked, id=28700, stack(0x000000a572b00000,0x000000a572c00000) (1024K)]
  0x000001e65ec0f460 JavaThread "http-nio-8080-exec-8"       daemon [_thread_blocked, id=57860, stack(0x000000a572c00000,0x000000a572d00000) (1024K)]
  0x000001e65ec0cfd0 JavaThread "http-nio-8080-exec-9"       daemon [_thread_blocked, id=7184, stack(0x000000a572d00000,0x000000a572e00000) (1024K)]
  0x000001e65ec0ed10 JavaThread "http-nio-8080-exec-10"      daemon [_thread_blocked, id=58960, stack(0x000000a572e00000,0x000000a572f00000) (1024K)]
  0x000001e65ec0de70 JavaThread "http-nio-8080-Poller"       daemon [_thread_in_native, id=52612, stack(0x000000a572f00000,0x000000a573000000) (1024K)]
  0x000001e65ec0e5c0 JavaThread "http-nio-8080-Acceptor"     daemon [_thread_in_native, id=58900, stack(0x000000a573000000,0x000000a573100000) (1024K)]
  0x000001e65ec0fbb0 JavaThread "DestroyJavaVM"                     [_thread_blocked, id=57692, stack(0x000000a56f500000,0x000000a56f600000) (1024K)]
  0x000001e65ec12ee0 JavaThread "JFR Recorder Thread"        daemon [_thread_in_native, id=29432, stack(0x000000a571900000,0x000000a571a00000) (1024K)]
  0x000001e65ec13630 JavaThread "JFR Periodic Tasks"         daemon [_thread_blocked, id=55860, stack(0x000000a571a00000,0x000000a571b00000) (1024K)]
Total: 38

Other Threads:
  0x000001e65d231e60 VMThread "VM Thread"                           [id=44268, stack(0x000000a56fc00000,0x000000a56fd00000) (1024K)]
  0x000001e65d369110 WatcherThread "VM Periodic Task Thread"        [id=55620, stack(0x000000a56fb00000,0x000000a56fc00000) (1024K)]
  0x000001e64a041bc0 WorkerThread "GC Thread#0"                     [id=56960, stack(0x000000a56f600000,0x000000a56f700000) (1024K)]
  0x000001e646627300 WorkerThread "GC Thread#1"                     [id=4680, stack(0x000000a570e00000,0x000000a570f00000) (1024K)]
  0x000001e646627e10 WorkerThread "GC Thread#2"                     [id=3912, stack(0x000000a570f00000,0x000000a571000000) (1024K)]
  0x000001e64662a2f0 WorkerThread "GC Thread#3"                     [id=22872, stack(0x000000a571000000,0x000000a571100000) (1024K)]
  0x000001e6466276b0 WorkerThread "GC Thread#4"                     [id=6848, stack(0x000000a571100000,0x000000a571200000) (1024K)]
  0x000001e6466297e0 WorkerThread "GC Thread#5"                     [id=38772, stack(0x000000a571200000,0x000000a571300000) (1024K)]
  0x000001e646628920 WorkerThread "GC Thread#6"                     [id=8012, stack(0x000000a571300000,0x000000a571400000) (1024K)]
  0x000001e646629b90 WorkerThread "GC Thread#7"                     [id=40576, stack(0x000000a571400000,0x000000a571500000) (1024K)]
  0x000001e646627a60 WorkerThread "GC Thread#8"                     [id=59000, stack(0x000000a571500000,0x000000a571600000) (1024K)]
  0x000001e646629f40 WorkerThread "GC Thread#9"                     [id=46316, stack(0x000000a571b00000,0x000000a571c00000) (1024K)]
  0x000001e6466267f0 WorkerThread "GC Thread#10"                    [id=11256, stack(0x000000a571c00000,0x000000a571d00000) (1024K)]
  0x000001e646626f50 WorkerThread "GC Thread#11"                    [id=53976, stack(0x000000a571600000,0x000000a571700000) (1024K)]
  0x000001e646628cd0 WorkerThread "GC Thread#12"                    [id=13616, stack(0x000000a571f00000,0x000000a572000000) (1024K)]
  0x000001e64a056440 ConcurrentGCThread "G1 Main Marker"            [id=21316, stack(0x000000a56f700000,0x000000a56f800000) (1024K)]
  0x000001e64a057060 WorkerThread "G1 Conc#0"                       [id=50516, stack(0x000000a56f800000,0x000000a56f900000) (1024K)]
  0x000001e6466281c0 WorkerThread "G1 Conc#1"                       [id=34192, stack(0x000000a571d00000,0x000000a571e00000) (1024K)]
  0x000001e646626ba0 WorkerThread "G1 Conc#2"                       [id=8836, stack(0x000000a571e00000,0x000000a571f00000) (1024K)]
  0x000001e65d221060 ConcurrentGCThread "G1 Refine#0"               [id=52060, stack(0x000000a56f900000,0x000000a56fa00000) (1024K)]
  0x000001e65d2254c0 ConcurrentGCThread "G1 Service"                [id=45540, stack(0x000000a56fa00000,0x000000a56fb00000) (1024K)]
Total: 21

Threads with active compile tasks:
Total: 0

VM state: not at safepoint (normal execution)

VM Mutex/Monitor currently owned by a thread: None

Heap address: 0x0000000705800000, size: 4008 MB, Compressed Oops mode: Zero based, Oop shift amount: 3

CDS archive(s) mapped at: [0x000001e600000000-0x000001e600d40000-0x000001e600d40000), size 13893632, SharedBaseAddress: 0x000001e600000000, ArchiveRelocationMode: 1.
Compressed class space mapped at: 0x000001e601000000-0x000001e641000000, reserved size: 1073741824
UseCompressedClassPointers 1, UseCompactObjectHeaders 0
Narrow klass pointer bits 32, Max shift 3
Narrow klass base: 0x000001e600000000, Narrow klass shift: 0
Encoding Range: [0x000001e600000000 - 0x000001e700000000), (4294967296 bytes)
Klass Range:    [0x000001e600000000 - 0x000001e641000000), (1090519040 bytes)
Klass ID Range:  [8 - 1090519033) (1090519025)

GC Precious Log:
 CardTable entry size: 512
 Card Set container configuration: InlinePtr #cards 4 size 8 Array Of Cards #cards 16 size 48 Howl #buckets 8 coarsen threshold 3686 Howl Bitmap #cards 512 size 80 coarsen threshold 460 Card regions per heap region 1 cards per card region 4096
 CPUs: 16 total, 16 available
 Memory: 16024M
 Large Page Support: Disabled
 NUMA Support: Disabled
 Compressed Oops: Enabled (Zero based)
 Heap Region Size: 2M
 Heap Min Capacity: 8M
 Heap Initial Capacity: 252M
 Heap Max Capacity: 4008M
 Pre-touch: Disabled
 Parallel Workers: 13
 Concurrent Workers: 3
 Concurrent Refinement Workers: 13
 Periodic GC: Disabled

Heap:
 garbage-first heap   total reserved 4104192K, committed 96256K, used 33633K [0x0000000705800000, 0x0000000800000000)
  region size 2048K, 6 young (12288K), 4 survivors (8192K)
 Metaspace       used 65949K, committed 66560K, reserved 1114112K
  class space    used 7552K, committed 7808K, reserved 1048576K

Heap Regions: E=young(eden), S=young(survivor), O=old, HS=humongous(starts), HC=humongous(continues), CS=collection set, F=free, TAMS=top-at-mark-start, PB=parsable bottom
|   0|0x0000000705800000, 0x0000000705a00000, 0x0000000705a00000|100%| O|  |TAMS 0x0000000705800000| PB 0x0000000705800000| Untracked |  0
|   1|0x0000000705a00000, 0x0000000705a79aa0, 0x0000000705c00000| 23%| O|  |TAMS 0x0000000705a00000| PB 0x0000000705a00000| Untracked |  0
|   2|0x0000000705c00000, 0x0000000705e00000, 0x0000000705e00000|100%| O|  |TAMS 0x0000000705c00000| PB 0x0000000705c00000| Untracked |  0
|   3|0x0000000705e00000, 0x0000000706000000, 0x0000000706000000|100%| O|  |TAMS 0x0000000705e00000| PB 0x0000000705e00000| Untracked |  0
|   4|0x0000000706000000, 0x0000000706200000, 0x0000000706200000|100%| O|  |TAMS 0x0000000706000000| PB 0x0000000706000000| Untracked |  0
|   5|0x0000000706200000, 0x0000000706400000, 0x0000000706400000|100%| O|  |TAMS 0x0000000706200000| PB 0x0000000706200000| Untracked |  0
|   6|0x0000000706400000, 0x0000000706600000, 0x0000000706600000|100%| O|  |TAMS 0x0000000706400000| PB 0x0000000706400000| Untracked |  0
|   7|0x0000000706600000, 0x0000000706800000, 0x0000000706800000|100%| O|  |TAMS 0x0000000706600000| PB 0x0000000706600000| Untracked |  0
|   8|0x0000000706800000, 0x0000000706a00000, 0x0000000706a00000|100%| O|  |TAMS 0x0000000706800000| PB 0x0000000706800000| Untracked |  0
|   9|0x0000000706a00000, 0x0000000706c00000, 0x0000000706c00000|100%| O|  |TAMS 0x0000000706a00000| PB 0x0000000706a00000| Untracked |  0
|  10|0x0000000706c00000, 0x0000000706e00000, 0x0000000706e00000|100%| O|  |TAMS 0x0000000706c00000| PB 0x0000000706c00000| Untracked |  0
|  11|0x0000000706e00000, 0x0000000706e00000, 0x0000000707000000|  0%| F|  |TAMS 0x0000000706e00000| PB 0x0000000706e00000| Untracked |  0
|  12|0x0000000707000000, 0x0000000707200000, 0x0000000707200000|100%| O|  |TAMS 0x0000000707000000| PB 0x0000000707000000| Untracked |  0
|  13|0x0000000707200000, 0x00000007072dc770, 0x0000000707400000| 43%| O|  |TAMS 0x0000000707200000| PB 0x0000000707200000| Untracked |  0
|  14|0x0000000707400000, 0x0000000707400000, 0x0000000707600000|  0%| F|  |TAMS 0x0000000707400000| PB 0x0000000707400000| Untracked |  0
|  15|0x0000000707600000, 0x0000000707600000, 0x0000000707800000|  0%| F|  |TAMS 0x0000000707600000| PB 0x0000000707600000| Untracked |  0
|  16|0x0000000707800000, 0x0000000707982380, 0x0000000707a00000| 75%| S|CS|TAMS 0x0000000707800000| PB 0x0000000707800000| Complete |  0
|  17|0x0000000707a00000, 0x0000000707c00000, 0x0000000707c00000|100%| S|CS|TAMS 0x0000000707a00000| PB 0x0000000707a00000| Complete |  0
|  18|0x0000000707c00000, 0x0000000707e00000, 0x0000000707e00000|100%| S|CS|TAMS 0x0000000707c00000| PB 0x0000000707c00000| Complete |  0
|  19|0x0000000707e00000, 0x0000000708000000, 0x0000000708000000|100%| S|CS|TAMS 0x0000000707e00000| PB 0x0000000707e00000| Complete |  0
|  20|0x0000000708000000, 0x0000000708000000, 0x0000000708200000|  0%| F|  |TAMS 0x0000000708000000| PB 0x0000000708000000| Untracked |  0
|  21|0x0000000708200000, 0x0000000708200000, 0x0000000708400000|  0%| F|  |TAMS 0x0000000708200000| PB 0x0000000708200000| Untracked |  0
|  22|0x0000000708400000, 0x0000000708400000, 0x0000000708600000|  0%| F|  |TAMS 0x0000000708400000| PB 0x0000000708400000| Untracked |  0
|  23|0x0000000708600000, 0x0000000708600000, 0x0000000708800000|  0%| F|  |TAMS 0x0000000708600000| PB 0x0000000708600000| Untracked |  0
|  24|0x0000000708800000, 0x0000000708800000, 0x0000000708a00000|  0%| F|  |TAMS 0x0000000708800000| PB 0x0000000708800000| Untracked |  0
|  25|0x0000000708a00000, 0x0000000708a00000, 0x0000000708c00000|  0%| F|  |TAMS 0x0000000708a00000| PB 0x0000000708a00000| Untracked |  0
|  26|0x0000000708c00000, 0x0000000708c00000, 0x0000000708e00000|  0%| F|  |TAMS 0x0000000708c00000| PB 0x0000000708c00000| Untracked |  0
|  27|0x0000000708e00000, 0x0000000708e00000, 0x0000000709000000|  0%| F|  |TAMS 0x0000000708e00000| PB 0x0000000708e00000| Untracked |  0
|  28|0x0000000709000000, 0x0000000709000000, 0x0000000709200000|  0%| F|  |TAMS 0x0000000709000000| PB 0x0000000709000000| Untracked |  0
|  29|0x0000000709200000, 0x0000000709200000, 0x0000000709400000|  0%| F|  |TAMS 0x0000000709200000| PB 0x0000000709200000| Untracked |  0
|  30|0x0000000709400000, 0x0000000709400000, 0x0000000709600000|  0%| F|  |TAMS 0x0000000709400000| PB 0x0000000709400000| Untracked |  0
|  31|0x0000000709600000, 0x0000000709600000, 0x0000000709800000|  0%| F|  |TAMS 0x0000000709600000| PB 0x0000000709600000| Untracked |  0
|  32|0x0000000709800000, 0x0000000709800000, 0x0000000709a00000|  0%| F|  |TAMS 0x0000000709800000| PB 0x0000000709800000| Untracked |  0
|  33|0x0000000709a00000, 0x0000000709a00000, 0x0000000709c00000|  0%| F|  |TAMS 0x0000000709a00000| PB 0x0000000709a00000| Untracked |  0
|  34|0x0000000709c00000, 0x0000000709c00000, 0x0000000709e00000|  0%| F|  |TAMS 0x0000000709c00000| PB 0x0000000709c00000| Untracked |  0
|  35|0x0000000709e00000, 0x0000000709e00000, 0x000000070a000000|  0%| F|  |TAMS 0x0000000709e00000| PB 0x0000000709e00000| Untracked |  0
|  36|0x000000070a000000, 0x000000070a000000, 0x000000070a200000|  0%| F|  |TAMS 0x000000070a000000| PB 0x000000070a000000| Untracked |  0
|  37|0x000000070a200000, 0x000000070a200000, 0x000000070a400000|  0%| F|  |TAMS 0x000000070a200000| PB 0x000000070a200000| Untracked |  0
|  38|0x000000070a400000, 0x000000070a400000, 0x000000070a600000|  0%| F|  |TAMS 0x000000070a400000| PB 0x000000070a400000| Untracked |  0
|  39|0x000000070a600000, 0x000000070a600000, 0x000000070a800000|  0%| F|  |TAMS 0x000000070a600000| PB 0x000000070a600000| Untracked |  0
|  40|0x000000070a800000, 0x000000070a800000, 0x000000070aa00000|  0%| F|  |TAMS 0x000000070a800000| PB 0x000000070a800000| Untracked |  0
|  41|0x000000070aa00000, 0x000000070aa00000, 0x000000070ac00000|  0%| F|  |TAMS 0x000000070aa00000| PB 0x000000070aa00000| Untracked |  0
|  42|0x000000070ac00000, 0x000000070ac00000, 0x000000070ae00000|  0%| F|  |TAMS 0x000000070ac00000| PB 0x000000070ac00000| Untracked |  0
|  43|0x000000070ae00000, 0x000000070ae00000, 0x000000070b000000|  0%| F|  |TAMS 0x000000070ae00000| PB 0x000000070ae00000| Untracked |  0
|  44|0x000000070b000000, 0x000000070b000000, 0x000000070b200000|  0%| F|  |TAMS 0x000000070b000000| PB 0x000000070b000000| Untracked |  0
|  45|0x000000070b200000, 0x000000070b3c0868, 0x000000070b400000| 87%| E|  |TAMS 0x000000070b200000| PB 0x000000070b200000| Complete |  0
|2003|0x00000007ffe00000, 0x0000000800000000, 0x0000000800000000|100%| E|CS|TAMS 0x00000007ffe00000| PB 0x00000007ffe00000| Complete |  0

Card table byte_map: [0x000001e6568f0000,0x000001e6570d0000] _byte_map_base: 0x000001e6530c4000

Marking Bits: (CMBitMap*) 0x000001e64a0421e0
 Bits: [0x000001e6570d0000, 0x000001e65af70000)

Polling page: 0x000001e6481d0000

Metaspace:

Usage:
  Non-class:     57.03 MB used.
      Class:      7.38 MB used.
       Both:     64.40 MB used.

Virtual space:
  Non-class space:       64.00 MB reserved,      57.38 MB ( 90%) committed,  1 nodes.
      Class space:        1.00 GB reserved,       7.62 MB ( <1%) committed,  1 nodes.
             Both:        1.06 GB reserved,      65.00 MB (  6%) committed. 

Chunk freelists:
   Non-Class:  6.60 MB
       Class:  8.33 MB
        Both:  14.93 MB

MaxMetaspaceSize: unlimited
CompressedClassSpaceSize: 1.00 GB
Initial GC threshold: 21.00 MB
Current GC threshold: 69.00 MB
CDS: on
 - commit_granule_bytes: 65536.
 - commit_granule_words: 8192.
 - virtual_space_node_default_size: 8388608.
 - enlarge_chunks_in_place: 1.
UseCompressedClassPointers 1, UseCompactObjectHeaders 0
Narrow klass pointer bits 32, Max shift 3
Narrow klass base: 0x000001e600000000, Narrow klass shift: 0
Encoding Range: [0x000001e600000000 - 0x000001e700000000), (4294967296 bytes)
Klass Range:    [0x000001e600000000 - 0x000001e641000000), (1090519040 bytes)
Klass ID Range:  [8 - 1090519033) (1090519025)


Internal statistics:

num_allocs_failed_limit: 6.
num_arena_births: 772.
num_arena_deaths: 0.
num_vsnodes_births: 2.
num_vsnodes_deaths: 0.
num_space_committed: 1040.
num_space_uncommitted: 0.
num_chunks_returned_to_freelist: 6.
num_chunks_taken_from_freelist: 3033.
num_chunk_merges: 6.
num_chunk_splits: 2245.
num_chunks_enlarged: 1828.
num_inconsistent_stats: 0.

CodeCache: size=49152Kb used=10935Kb max_used=11816Kb free=38216Kb
 bounds [0x000001e652870000, 0x000001e653400000, 0x000001e655870000]
 total_blobs=6322, nmethods=5626, adapters=616, full_count=0
Compilation: enabled, stopped_count=0, restarted_count=0

Compilation events (20 events):
Event: 13.003 Thread 0x000001e6450147d0 5681       1       jdk.jfr.internal.EventControl::getEventType (5 bytes)
Event: 13.003 Thread 0x000001e64516e040 5682       1       jdk.jfr.internal.EventControl::getSettingsId (5 bytes)
Event: 13.003 Thread 0x000001e6450941e0 5683       1       jdk.jfr.internal.EventControl::getNamedControls (5 bytes)
Event: 13.003 Thread 0x000001e6464774c0 5684       1       jdk.jfr.internal.PlatformEventType::isEnabled (5 bytes)
Event: 13.003 Thread 0x000001e6468c1ff0 5685   !   1       jdk.jfr.internal.Control::setValue (102 bytes)
Event: 13.003 Thread 0x000001e65d36a4b0 5686       1       jdk.jfr.internal.SettingsManager$InternalSetting::getValues (35 bytes)
Event: 13.003 Thread 0x000001e6450147d0 nmethod 5681 0x000001e652f72b08 code [0x000001e652f72c00, 0x000001e652f72cc8]
Event: 13.003 Thread 0x000001e64516e040 nmethod 5682 0x000001e652f72808 code [0x000001e652f72900, 0x000001e652f729c8]
Event: 13.003 Thread 0x000001e6450941e0 nmethod 5683 0x000001e652f72508 code [0x000001e652f72600, 0x000001e652f726c8]
Event: 13.003 Thread 0x000001e6464774c0 nmethod 5684 0x000001e652f72208 code [0x000001e652f72300, 0x000001e652f723c8]
Event: 13.003 Thread 0x000001e6450147d0 5687       1       jdk.jfr.internal.Control::apply (10 bytes)
Event: 13.003 Thread 0x000001e64516e040 5688       1       jdk.jfr.internal.Control::findCombine (121 bytes)
Event: 13.003 Thread 0x000001e65d36a4b0 nmethod 5686 0x000001e652f71e88 code [0x000001e652f71fc0, 0x000001e652f721c8]
Event: 13.003 Thread 0x000001e6450147d0 nmethod 5687 0x000001e652f71b88 code [0x000001e652f71ca0, 0x000001e652f71db0]
Event: 13.004 Thread 0x000001e6468c1ff0 nmethod 5685 0x000001e652f71288 code [0x000001e652f71480, 0x000001e652f71b10]
Event: 13.004 Thread 0x000001e64516e040 nmethod 5688 0x000001e652f70908 code [0x000001e652f70ac0, 0x000001e652f71270]
Event: 13.006 Thread 0x000001e64516e040 5689       1       jdk.jfr.internal.periodic.EventTask::getEventType (5 bytes)
Event: 13.006 Thread 0x000001e64516e040 nmethod 5689 0x000001e652f70608 code [0x000001e652f70700, 0x000001e652f707c8]
Event: 13.007 Thread 0x000001e65d36a4b0 5690       1       jdk.jfr.internal.periodic.PeriodicTask::getPeriod (5 bytes)
Event: 13.007 Thread 0x000001e65d36a4b0 nmethod 5690 0x000001e652f70308 code [0x000001e652f70400, 0x000001e652f704c8]

GC Heap History (20 events):
Event: 0.799 GC heap before
{Heap before GC invocations=0 (full 0):
 garbage-first heap   total reserved 4104192K, committed 260096K, used 50288K [0x0000000705800000, 0x0000000800000000)
  region size 2048K, 24 young (49152K), 0 survivors (0K)
 Metaspace       used 11628K, committed 11904K, reserved 1114112K
  class space    used 1299K, committed 1408K, reserved 1048576K
}
Event: 0.804 GC heap after
{Heap after GC invocations=1 (full 0):
 garbage-first heap   total reserved 4104192K, committed 260096K, used 10565K [0x0000000705800000, 0x0000000800000000)
  region size 2048K, 3 young (6144K), 3 survivors (6144K)
 Metaspace       used 11628K, committed 11904K, reserved 1114112K
  class space    used 1299K, committed 1408K, reserved 1048576K
}
Event: 0.924 GC heap before
{Heap before GC invocations=1 (full 0):
 garbage-first heap   total reserved 4104192K, committed 260096K, used 22853K [0x0000000705800000, 0x0000000800000000)
  region size 2048K, 10 young (20480K), 3 survivors (6144K)
 Metaspace       used 14813K, committed 15168K, reserved 1114112K
  class space    used 1635K, committed 1792K, reserved 1048576K
}
Event: 0.927 GC heap after
{Heap after GC invocations=2 (full 0):
 garbage-first heap   total reserved 4104192K, committed 260096K, used 11759K [0x0000000705800000, 0x0000000800000000)
  region size 2048K, 4 young (8192K), 4 survivors (8192K)
 Metaspace       used 14813K, committed 15168K, reserved 1114112K
  class space    used 1635K, committed 1792K, reserved 1048576K
}
Event: 1.223 GC heap before
{Heap before GC invocations=3 (full 0):
 garbage-first heap   total reserved 4104192K, committed 49152K, used 44527K [0x0000000705800000, 0x0000000800000000)
  region size 2048K, 21 young (43008K), 4 survivors (8192K)
 Metaspace       used 22267K, committed 22656K, reserved 1114112K
  class space    used 2411K, committed 2560K, reserved 1048576K
}
Event: 1.228 GC heap after
{Heap after GC invocations=4 (full 0):
 garbage-first heap   total reserved 4104192K, committed 61440K, used 15171K [0x0000000705800000, 0x0000000800000000)
  region size 2048K, 6 young (12288K), 6 survivors (12288K)
 Metaspace       used 22267K, committed 22656K, reserved 1114112K
  class space    used 2411K, committed 2560K, reserved 1048576K
}
Event: 1.508 GC heap before
{Heap before GC invocations=4 (full 0):
 garbage-first heap   total reserved 4104192K, committed 61440K, used 39747K [0x0000000705800000, 0x0000000800000000)
  region size 2048K, 18 young (36864K), 6 survivors (12288K)
 Metaspace       used 24071K, committed 24448K, reserved 1114112K
  class space    used 2609K, committed 2752K, reserved 1048576K
}
Event: 1.516 GC heap after
{Heap after GC invocations=5 (full 0):
 garbage-first heap   total reserved 4104192K, committed 61440K, used 17400K [0x0000000705800000, 0x0000000800000000)
  region size 2048K, 3 young (6144K), 3 survivors (6144K)
 Metaspace       used 24071K, committed 24448K, reserved 1114112K
  class space    used 2609K, committed 2752K, reserved 1048576K
}
Event: 1.623 GC heap before
{Heap before GC invocations=5 (full 0):
 garbage-first heap   total reserved 4104192K, committed 61440K, used 23544K [0x0000000705800000, 0x0000000800000000)
  region size 2048K, 7 young (14336K), 3 survivors (6144K)
 Metaspace       used 24955K, committed 25280K, reserved 1114112K
  class space    used 2715K, committed 2880K, reserved 1048576K
}
Event: 1.631 GC heap after
{Heap after GC invocations=6 (full 0):
 garbage-first heap   total reserved 4104192K, committed 61440K, used 18800K [0x0000000705800000, 0x0000000800000000)
  region size 2048K, 1 young (2048K), 1 survivors (2048K)
 Metaspace       used 24955K, committed 25280K, reserved 1114112K
  class space    used 2715K, committed 2880K, reserved 1048576K
}
Event: 2.002 GC heap before
{Heap before GC invocations=7 (full 0):
 garbage-first heap   total reserved 4104192K, committed 61440K, used 45424K [0x0000000705800000, 0x0000000800000000)
  region size 2048K, 14 young (28672K), 1 survivors (2048K)
 Metaspace       used 28549K, committed 28992K, reserved 1114112K
  class space    used 3224K, committed 3456K, reserved 1048576K
}
Event: 2.006 GC heap after
{Heap after GC invocations=8 (full 0):
 garbage-first heap   total reserved 4104192K, committed 61440K, used 21126K [0x0000000705800000, 0x0000000800000000)
  region size 2048K, 2 young (4096K), 2 survivors (4096K)
 Metaspace       used 28549K, committed 28992K, reserved 1114112K
  class space    used 3224K, committed 3456K, reserved 1048576K
}
Event: 2.425 GC heap before
{Heap before GC invocations=8 (full 0):
 garbage-first heap   total reserved 4104192K, committed 61440K, used 47750K [0x0000000705800000, 0x0000000800000000)
  region size 2048K, 15 young (30720K), 2 survivors (4096K)
 Metaspace       used 35278K, committed 35712K, reserved 1114112K
  class space    used 3840K, committed 4032K, reserved 1048576K
}
Event: 2.431 GC heap after
{Heap after GC invocations=9 (full 0):
 garbage-first heap   total reserved 4104192K, committed 61440K, used 23234K [0x0000000705800000, 0x0000000800000000)
  region size 2048K, 2 young (4096K), 2 survivors (4096K)
 Metaspace       used 35278K, committed 35712K, reserved 1114112K
  class space    used 3840K, committed 4032K, reserved 1048576K
}
Event: 2.804 GC heap before
{Heap before GC invocations=9 (full 0):
 garbage-first heap   total reserved 4104192K, committed 61440K, used 43714K [0x0000000705800000, 0x0000000800000000)
  region size 2048K, 14 young (28672K), 2 survivors (4096K)
 Metaspace       used 41760K, committed 42240K, reserved 1114112K
  class space    used 4640K, committed 4864K, reserved 1048576K
}
Event: 2.809 GC heap after
{Heap after GC invocations=10 (full 0):
 garbage-first heap   total reserved 4104192K, committed 159744K, used 25062K [0x0000000705800000, 0x0000000800000000)
  region size 2048K, 1 young (2048K), 1 survivors (2048K)
 Metaspace       used 41760K, committed 42240K, reserved 1114112K
  class space    used 4640K, committed 4864K, reserved 1048576K
}
Event: 3.780 GC heap before
{Heap before GC invocations=11 (full 0):
 garbage-first heap   total reserved 4104192K, committed 90112K, used 86502K [0x0000000705800000, 0x0000000800000000)
  region size 2048K, 32 young (65536K), 1 survivors (2048K)
 Metaspace       used 60083K, committed 60608K, reserved 1114112K
  class space    used 6811K, committed 7040K, reserved 1048576K
}
Event: 3.786 GC heap after
{Heap after GC invocations=12 (full 0):
 garbage-first heap   total reserved 4104192K, committed 96256K, used 27871K [0x0000000705800000, 0x0000000800000000)
  region size 2048K, 3 young (6144K), 3 survivors (6144K)
 Metaspace       used 60083K, committed 60608K, reserved 1114112K
  class space    used 6811K, committed 7040K, reserved 1048576K
}
Event: 12.970 GC heap before
{Heap before GC invocations=12 (full 0):
 garbage-first heap   total reserved 4104192K, committed 96256K, used 77023K [0x0000000705800000, 0x0000000800000000)
  region size 2048K, 27 young (55296K), 3 survivors (6144K)
 Metaspace       used 65772K, committed 66432K, reserved 1114112K
  class space    used 7532K, committed 7808K, reserved 1048576K
}
Event: 12.977 GC heap after
{Heap after GC invocations=13 (full 0):
 garbage-first heap   total reserved 4104192K, committed 96256K, used 31585K [0x0000000705800000, 0x0000000800000000)
  region size 2048K, 4 young (8192K), 4 survivors (8192K)
 Metaspace       used 65772K, committed 66432K, reserved 1114112K
  class space    used 7532K, committed 7808K, reserved 1048576K
}

Dll operation events (12 events):
Event: 0.009 Loaded shared library C:\Users\hp\.jdks\openjdk-24.0.1\bin\java.dll
Event: 0.131 Loaded shared library C:\Users\hp\.jdks\openjdk-24.0.1\bin\zip.dll
Event: 0.133 Loaded shared library C:\Users\hp\.jdks\openjdk-24.0.1\bin\instrument.dll
Event: 0.136 Loaded shared library C:\Users\hp\.jdks\openjdk-24.0.1\bin\net.dll
Event: 0.138 Loaded shared library C:\Users\hp\.jdks\openjdk-24.0.1\bin\nio.dll
Event: 0.140 Loaded shared library C:\Users\hp\.jdks\openjdk-24.0.1\bin\zip.dll
Event: 0.168 Loaded shared library C:\Users\hp\.jdks\openjdk-24.0.1\bin\jimage.dll
Event: 0.208 Loaded shared library C:\Users\hp\.jdks\openjdk-24.0.1\bin\extnet.dll
Event: 0.220 Loaded shared library C:\Users\hp\.jdks\openjdk-24.0.1\bin\management.dll
Event: 0.225 Loaded shared library C:\Users\hp\.jdks\openjdk-24.0.1\bin\management_ext.dll
Event: 1.083 Loaded shared library C:\Users\hp\.jdks\openjdk-24.0.1\bin\sunmscapi.dll
Event: 12.882 Loaded shared library C:\Users\hp\AppData\Local\Temp\idea_libasyncProfiler_dll_temp_folder\libasyncProfiler.dll

Deoptimization events (2 events):
Event: 2.307 Thread 0x000001e649fd9690 DEOPT PACKING pc=0x000001e6530863e4 sp=0x000000a56f5fcaa0
Event: 2.307 Thread 0x000001e649fd9690 DEOPT UNPACKING pc=0x000001e6528c5722 sp=0x000000a56f5fbfd0 mode 0

Classes loaded (20 events):
Event: 12.985 Loading class jdk/jfr/internal/MetadataWriter
Event: 12.985 Loading class jdk/jfr/internal/MetadataWriter done
Event: 12.985 Loading class jdk/jfr/internal/MetadataDescriptor$Element
Event: 12.986 Loading class jdk/jfr/internal/MetadataDescriptor$Element done
Event: 12.986 Loading class jdk/jfr/internal/MetadataDescriptor$Attribute
Event: 12.986 Loading class jdk/jfr/internal/MetadataDescriptor$Attribute done
Event: 12.990 Loading class jdk/jfr/internal/consumer/StringParser$Encoding
Event: 12.991 Loading class jdk/jfr/internal/consumer/StringParser$Encoding done
Event: 12.998 Loading class jdk/jfr/internal/consumer/RepositoryFiles
Event: 12.999 Loading class jdk/jfr/internal/consumer/RepositoryFiles done
Event: 13.001 Loading class jdk/jfr/internal/SettingsManager$InternalSetting
Event: 13.001 Loading class jdk/jfr/internal/SettingsManager$InternalSetting done
Event: 13.002 Loading class jdk/jfr/internal/util/Rate
Event: 13.002 Loading class jdk/jfr/internal/util/Rate done
Event: 13.002 Loading class jdk/jfr/internal/util/TimespanUnit
Event: 13.002 Loading class jdk/jfr/internal/util/TimespanUnit done
Event: 13.002 Loading class jdk/jfr/internal/util/ValueParser
Event: 13.002 Loading class jdk/jfr/internal/util/ValueParser done
Event: 13.003 Loading class jdk/jfr/internal/periodic/PeriodicType
Event: 13.003 Loading class jdk/jfr/internal/periodic/PeriodicType done

Classes unloaded (0 events):
No events

Classes redefined (0 events):
No events

Internal exceptions (20 events):
Event: 3.661 Thread 0x000001e649fd9690 Exception <a 'java/lang/NoSuchMethodError'{0x0000000707645000}: 'int java.lang.invoke.DirectMethodHandle$Holder.invokeStatic(java.lang.Object, int, java.lang.Object)'> (0x0000000707645000) 
thrown [s\open\src\hotspot\share\interpreter\linkResolver.cpp, line 805]
Event: 3.665 Thread 0x000001e649fd9690 Exception <a 'java/lang/NoSuchMethodError'{0x00000007076ba8b0}: 'java.lang.Object java.lang.invoke.Invokers$Holder.linkToTargetMethod(java.lang.Object, java.lang.Object, java.lang.Object, java.lang.Object, java.lang.Object, java.lang.Object, java.lang.Object, java.lang.Object, java.lang.Object, java.lang.Object, java.lang.Object, java.lang.Object)'> (0x00000007076ba8b0) 
thrown [s\open\src\hotspot\share\interpreter\linkResolver.cpp, line 805]
Event: 3.686 Thread 0x000001e649fd9690 Exception <a 'java/lang/IncompatibleClassChangeError'{0x000000070744c0b0}: Found class java.lang.Object, but interface was expected> (0x000000070744c0b0) 
thrown [s\open\src\hotspot\share\interpreter\linkResolver.cpp, line 872]
Event: 3.818 Thread 0x000001e649fd9690 Exception <a 'java/lang/NoSuchMethodError'{0x000000070aca96d0}: 'java.lang.Object java.lang.invoke.DirectMethodHandle$Holder.newInvokeSpecial(java.lang.Object, java.lang.Object, java.lang.Object, java.lang.Object, java.lang.Object, java.lang.Object, java.lang.Object, java.lang.Object, java.lang.Object, java.lang.Object, java.lang.Object)'> (0x000000070aca96d0) 
thrown [s\open\src\hotspot\share\interpreter\linkResolver.cpp, line 805]
Event: 3.840 Thread 0x000001e649fd9690 Exception <a 'java/io/IOException'{0x000000070aaad3f0}> (0x000000070aaad3f0) 
thrown [s\open\src\hotspot\share\prims\jni.cpp, line 518]
Event: 3.869 Thread 0x000001e649fd9690 Exception <a 'java/lang/NoSuchMethodError'{0x000000070a8e4f30}: 'void java.lang.invoke.Invokers$Holder.invokeExact_MT(java.lang.Object, java.lang.Object, java.lang.Object, java.lang.Object)'> (0x000000070a8e4f30) 
thrown [s\open\src\hotspot\share\interpreter\linkResolver.cpp, line 805]
Event: 3.887 Thread 0x000001e649fd9690 Exception <a 'java/lang/NoSuchMethodError'{0x000000070a9d48a0}: 'java.lang.Object java.lang.invoke.DirectMethodHandle$Holder.invokeVirtual(java.lang.Object, java.lang.Object, java.lang.Object, int)'> (0x000000070a9d48a0) 
thrown [s\open\src\hotspot\share\interpreter\linkResolver.cpp, line 805]
Event: 3.912 Thread 0x000001e649fd9690 Exception <a 'java/lang/NoSuchMethodError'{0x000000070a7cbf28}: 'java.lang.Object java.lang.invoke.DirectMethodHandle$Holder.invokeVirtual(java.lang.Object, java.lang.Object, int)'> (0x000000070a7cbf28) 
thrown [s\open\src\hotspot\share\interpreter\linkResolver.cpp, line 805]
Event: 3.958 Thread 0x000001e649fd9690 Exception <a 'java/lang/IncompatibleClassChangeError'{0x000000070a37e210}: Found class java.lang.Object, but interface was expected> (0x000000070a37e210) 
thrown [s\open\src\hotspot\share\interpreter\linkResolver.cpp, line 872]
Event: 4.010 Thread 0x000001e649fd9690 Exception <a 'java/lang/NoSuchMethodError'{0x0000000709f17ac8}: 'int java.lang.invoke.DirectMethodHandle$Holder.invokeStaticInit(java.lang.Object, java.lang.Object, java.lang.Object, java.lang.Object)'> (0x0000000709f17ac8) 
thrown [s\open\src\hotspot\share\interpreter\linkResolver.cpp, line 805]
Event: 4.085 Thread 0x000001e649fd9690 Exception <a 'java/lang/IncompatibleClassChangeError'{0x0000000709bd1a50}: Found class java.lang.Object, but interface was expected> (0x0000000709bd1a50) 
thrown [s\open\src\hotspot\share\interpreter\linkResolver.cpp, line 872]
Event: 4.107 Thread 0x000001e649fd9690 Exception <a 'java/lang/IncompatibleClassChangeError'{0x000000070961cd18}: Found class java.lang.Object, but interface was expected> (0x000000070961cd18) 
thrown [s\open\src\hotspot\share\interpreter\linkResolver.cpp, line 872]
Event: 4.132 Thread 0x000001e649fd9690 Exception <a 'java/lang/IncompatibleClassChangeError'{0x00000007097ad1f8}: Found class java.lang.Object, but interface was expected> (0x00000007097ad1f8) 
thrown [s\open\src\hotspot\share\interpreter\linkResolver.cpp, line 872]
Event: 4.242 Thread 0x000001e649fd9690 Exception <a 'java/lang/NoSuchMethodError'{0x0000000708a52d08}: 'java.lang.Object java.lang.invoke.DirectMethodHandle$Holder.newInvokeSpecial(java.lang.Object, java.lang.Object, int, java.lang.Object, java.lang.Object)'> (0x0000000708a52d08) 
thrown [s\open\src\hotspot\share\interpreter\linkResolver.cpp, line 805]
Event: 4.641 Thread 0x000001e645cf82b0 Exception <a 'java/lang/NoSuchMethodError'{0x00000007094241b8}: 'java.lang.Object java.lang.invoke.DirectMethodHandle$Holder.invokeInterface(java.lang.Object, java.lang.Object, java.lang.Object, java.lang.Object, java.lang.Object, java.lang.Object, java.lang.Object)'> (0x00000007094241b8) 
thrown [s\open\src\hotspot\share\interpreter\linkResolver.cpp, line 805]
Event: 12.969 Thread 0x000001e65d38b600 Exception <a 'java/lang/NoSuchMethodError'{0x0000000708197278}: 'void java.lang.invoke.DirectMethodHandle$Holder.invokeSpecial(java.lang.Object, java.lang.Object, int)'> (0x0000000708197278) 
thrown [s\open\src\hotspot\share\interpreter\linkResolver.cpp, line 805]
Event: 12.969 Thread 0x000001e65d38b600 Exception <a 'java/lang/NoSuchMethodError'{0x000000070819ee98}: 'void java.lang.invoke.Invokers$Holder.invokeExact_MT(java.lang.Object, int, java.lang.Object)'> (0x000000070819ee98) 
thrown [s\open\src\hotspot\share\interpreter\linkResolver.cpp, line 805]
Event: 12.979 Thread 0x000001e65d38b600 Exception <a 'sun/nio/fs/WindowsException'{0x00000007ffe40848}> (0x00000007ffe40848) 
thrown [s\open\src\hotspot\share\prims\jni.cpp, line 518]
Event: 12.981 Thread 0x000001e65d38b600 Exception <a 'sun/nio/fs/WindowsException'{0x00000007ffe4d668}> (0x00000007ffe4d668) 
thrown [s\open\src\hotspot\share\prims\jni.cpp, line 518]
Event: 12.983 Thread 0x000001e65d38b600 Exception <a 'sun/nio/fs/WindowsException'{0x00000007ffe5f200}> (0x00000007ffe5f200) 
thrown [s\open\src\hotspot\share\prims\jni.cpp, line 518]

VM Operations (20 events):
Event: 3.569 Executing VM operation: HandshakeAllThreads (Deoptimize)
Event: 3.569 Executing VM operation: HandshakeAllThreads (Deoptimize) done
Event: 3.780 Executing VM operation: G1CollectForAllocation (G1 Evacuation Pause)
Event: 3.786 Executing VM operation: G1CollectForAllocation (G1 Evacuation Pause) done
Event: 3.867 Executing VM operation: HandshakeAllThreads (Deoptimize)
Event: 3.867 Executing VM operation: HandshakeAllThreads (Deoptimize) done
Event: 3.944 Executing VM operation: HandshakeAllThreads (Deoptimize)
Event: 3.944 Executing VM operation: HandshakeAllThreads (Deoptimize) done
Event: 3.945 Executing VM operation: HandshakeAllThreads (Deoptimize)
Event: 3.945 Executing VM operation: HandshakeAllThreads (Deoptimize) done
Event: 3.995 Executing VM operation: HandshakeAllThreads (Deoptimize)
Event: 3.995 Executing VM operation: HandshakeAllThreads (Deoptimize) done
Event: 4.195 Executing VM operation: HandshakeAllThreads (Deoptimize)
Event: 4.195 Executing VM operation: HandshakeAllThreads (Deoptimize) done
Event: 4.195 Executing VM operation: HandshakeAllThreads (Deoptimize)
Event: 4.195 Executing VM operation: HandshakeAllThreads (Deoptimize) done
Event: 12.970 Executing VM operation: G1CollectForAllocation (G1 Evacuation Pause)
Event: 12.977 Executing VM operation: G1CollectForAllocation (G1 Evacuation Pause) done
Event: 12.999 Executing VM operation: JFRSafepointClear
Event: 12.999 Executing VM operation: JFRSafepointClear done

Memory protections (0 events):
No events

Nmethod flushes (20 events):
Event: 2.820 Thread 0x000001e65d231e60 flushing  nmethod 0x000001e652dc1d88
Event: 2.820 Thread 0x000001e65d231e60 flushing  nmethod 0x000001e652dd6b08
Event: 2.820 Thread 0x000001e65d231e60 flushing  nmethod 0x000001e6530b2a88
Event: 2.820 Thread 0x000001e65d231e60 flushing  nmethod 0x000001e65311f988
Event: 2.820 Thread 0x000001e65d231e60 flushing  nmethod 0x000001e653153108
Event: 2.820 Thread 0x000001e65d231e60 flushing  nmethod 0x000001e65316aa08
Event: 2.820 Thread 0x000001e65d231e60 flushing  nmethod 0x000001e6531a6308
Event: 2.820 Thread 0x000001e65d231e60 flushing  nmethod 0x000001e652c13e88
Event: 2.820 Thread 0x000001e65d231e60 flushing  nmethod 0x000001e652c15a88
Event: 2.820 Thread 0x000001e65d231e60 flushing  nmethod 0x000001e652c15d88
Event: 2.820 Thread 0x000001e65d231e60 flushing  nmethod 0x000001e652cd1a88
Event: 2.820 Thread 0x000001e65d231e60 flushing  nmethod 0x000001e652d5c308
Event: 2.820 Thread 0x000001e65d231e60 flushing  nmethod 0x000001e652da9588
Event: 2.820 Thread 0x000001e65d231e60 flushing  nmethod 0x000001e652df2808
Event: 2.820 Thread 0x000001e65d231e60 flushing  nmethod 0x000001e65305b608
Event: 2.820 Thread 0x000001e65d231e60 flushing  nmethod 0x000001e653061f08
Event: 2.820 Thread 0x000001e65d231e60 flushing  nmethod 0x000001e6530f4f08
Event: 2.820 Thread 0x000001e65d231e60 flushing  nmethod 0x000001e653145608
Event: 2.820 Thread 0x000001e65d231e60 flushing  nmethod 0x000001e653169c88
Event: 2.820 Thread 0x000001e65d231e60 flushing  nmethod 0x000001e6531a0d08

Events (20 events):
Event: 4.248 Thread 0x000001e649fd9690 Thread added: 0x000001e65e1d7ed0
Event: 4.248 Thread 0x000001e649fd9690 Thread added: 0x000001e65ec10300
Event: 4.248 Thread 0x000001e649fd9690 Thread added: 0x000001e65ec0f460
Event: 4.248 Thread 0x000001e649fd9690 Thread added: 0x000001e65ec0cfd0
Event: 4.248 Thread 0x000001e649fd9690 Thread added: 0x000001e65ec0ed10
Event: 4.256 Thread 0x000001e649fd9690 Thread added: 0x000001e65ec0de70
Event: 4.256 Thread 0x000001e649fd9690 Thread added: 0x000001e65ec0e5c0
Event: 4.265 Thread 0x000001e649fd9690 Thread exited: 0x000001e649fd9690
Event: 4.265 Thread 0x000001e65ec0fbb0 Thread added: 0x000001e65ec0fbb0
Event: 4.630 Thread 0x000001e645cf82b0 Thread added: 0x000001e65ec10a50
Event: 4.635 Thread 0x000001e65ec10a50 Thread exited: 0x000001e65ec10a50
Event: 4.636 Thread 0x000001e645cf82b0 Thread added: 0x000001e65ec10a50
Event: 4.647 Thread 0x000001e65ec10a50 Thread exited: 0x000001e65ec10a50
Event: 4.649 Thread 0x000001e645cf82b0 Thread added: 0x000001e65ec10a50
Event: 4.657 Thread 0x000001e65ec10a50 Thread exited: 0x000001e65ec10a50
Event: 7.833 Thread 0x000001e65e1d8d70 Thread exited: 0x000001e65e1d8d70
Event: 9.658 Thread 0x000001e646974fe0 Thread exited: 0x000001e646974fe0
Event: 12.909 Thread 0x000001e6464acaf0 Thread exited: 0x000001e6464acaf0
Event: 12.922 Thread 0x000001e65d38b600 Thread added: 0x000001e65ec12ee0
Event: 12.970 Thread 0x000001e65d38b600 Thread added: 0x000001e65ec13630


Dynamic libraries:
0x00007ff791fc0000 - 0x00007ff791fce000 	C:\Users\hp\.jdks\openjdk-24.0.1\bin\java.exe
0x00007ffd38fc0000 - 0x00007ffd39227000 	C:\windows\SYSTEM32\ntdll.dll
0x00007ffd37f50000 - 0x00007ffd38019000 	C:\windows\System32\KERNEL32.DLL
0x00007ffd362c0000 - 0x00007ffd366b1000 	C:\windows\System32\KERNELBASE.dll
0x00007ffd36800000 - 0x00007ffd3694b000 	C:\windows\System32\ucrtbase.dll
0x00007ffd2c450000 - 0x00007ffd2c466000 	C:\Users\hp\.jdks\openjdk-24.0.1\bin\jli.dll
0x00007ffd2af90000 - 0x00007ffd2afab000 	C:\Users\hp\.jdks\openjdk-24.0.1\bin\VCRUNTIME140.dll
0x00007ffd38180000 - 0x00007ffd38345000 	C:\windows\System32\USER32.dll
0x00007ffd16c00000 - 0x00007ffd16e93000 	C:\windows\WinSxS\amd64_microsoft.windows.common-controls_6595b64144ccf1df_6.0.26100.8037_none_3e092faae333b53b\COMCTL32.dll
0x00007ffd36290000 - 0x00007ffd362b7000 	C:\windows\System32\win32u.dll
0x00007ffd37870000 - 0x00007ffd37919000 	C:\windows\System32\msvcrt.dll
0x00007ffd37cd0000 - 0x00007ffd37cfb000 	C:\windows\System32\GDI32.dll
0x00007ffd36c30000 - 0x00007ffd36d5b000 	C:\windows\System32\gdi32full.dll
0x00007ffd36750000 - 0x00007ffd367f3000 	C:\windows\System32\msvcp_win.dll
0x00007ffd37820000 - 0x00007ffd37851000 	C:\windows\System32\IMM32.DLL
0x00007ffd2c270000 - 0x00007ffd2c27c000 	C:\Users\hp\.jdks\openjdk-24.0.1\bin\vcruntime140_1.dll
0x00007ffd159b0000 - 0x00007ffd15a3e000 	C:\Users\hp\.jdks\openjdk-24.0.1\bin\msvcp140.dll
0x00007ffc633d0000 - 0x00007ffc64172000 	C:\Users\hp\.jdks\openjdk-24.0.1\bin\server\jvm.dll
0x00007ffd37b40000 - 0x00007ffd37bfb000 	C:\windows\System32\ADVAPI32.dll
0x00007ffd37c00000 - 0x00007ffd37ca7000 	C:\windows\System32\sechost.dll
0x00007ffd38c60000 - 0x00007ffd38d78000 	C:\windows\System32\RPCRT4.dll
0x00007ffd37920000 - 0x00007ffd37994000 	C:\windows\System32\WS2_32.dll
0x00007ffd34ff0000 - 0x00007ffd3504e000 	C:\windows\SYSTEM32\POWRPROF.dll
0x00007ffd2b5d0000 - 0x00007ffd2b5db000 	C:\windows\SYSTEM32\VERSION.dll
0x00007ffd22f70000 - 0x00007ffd22fa5000 	C:\windows\SYSTEM32\WINMM.dll
0x00007ffd34fd0000 - 0x00007ffd34fe4000 	C:\windows\SYSTEM32\UMPDC.dll
0x00007ffd34630000 - 0x00007ffd3464b000 	C:\windows\SYSTEM32\kernel.appcore.dll
0x00007ffd27f50000 - 0x00007ffd27f5a000 	C:\Users\hp\.jdks\openjdk-24.0.1\bin\jimage.dll
0x00007ffd33980000 - 0x00007ffd33bc2000 	C:\windows\SYSTEM32\DBGHELP.DLL
0x00007ffd38860000 - 0x00007ffd38be2000 	C:\windows\System32\combase.dll
0x00007ffd37640000 - 0x00007ffd37717000 	C:\windows\System32\OLEAUT32.dll
0x00007ffcfbdb0000 - 0x00007ffcfbdeb000 	C:\windows\SYSTEM32\dbgcore.DLL
0x00007ffd36950000 - 0x00007ffd369f5000 	C:\windows\System32\bcryptPrimitives.dll
0x00007ffd24d80000 - 0x00007ffd24d8f000 	C:\Users\hp\.jdks\openjdk-24.0.1\bin\instrument.dll
0x00007ffd24c30000 - 0x00007ffd24c4e000 	C:\Users\hp\.jdks\openjdk-24.0.1\bin\java.dll
0x00007ffd379a0000 - 0x00007ffd37b35000 	C:\windows\System32\ole32.dll
0x00007ffd36ed0000 - 0x00007ffd3762f000 	C:\windows\System32\SHELL32.dll
0x00007ffd36ac0000 - 0x00007ffd36c2a000 	C:\windows\System32\wintypes.dll
0x00007ffd35a20000 - 0x00007ffd36284000 	C:\windows\System32\windows.storage.dll
0x00007ffd37720000 - 0x00007ffd37817000 	C:\windows\System32\SHCORE.dll
0x00007ffd38bf0000 - 0x00007ffd38c57000 	C:\windows\System32\shlwapi.dll
0x00007ffd357c0000 - 0x00007ffd357e9000 	C:\windows\SYSTEM32\profapi.dll
0x00007ffd05f10000 - 0x00007ffd05f27000 	C:\Users\hp\.jdks\openjdk-24.0.1\bin\zip.dll
0x00007ffd24d70000 - 0x00007ffd24d80000 	C:\Users\hp\.jdks\openjdk-24.0.1\bin\net.dll
0x00007ffd34c10000 - 0x00007ffd34c7b000 	C:\windows\system32\mswsock.dll
0x00007ffd16b20000 - 0x00007ffd16b36000 	C:\Users\hp\.jdks\openjdk-24.0.1\bin\nio.dll
0x00007ffd340b0000 - 0x00007ffd341da000 	C:\windows\SYSTEM32\DNSAPI.dll
0x00007ffd34020000 - 0x00007ffd34053000 	C:\windows\SYSTEM32\IPHLPAPI.DLL
0x00007ffd37cb0000 - 0x00007ffd37cba000 	C:\windows\System32\NSI.dll
0x00007ffd159a0000 - 0x00007ffd159a9000 	C:\Users\hp\.jdks\openjdk-24.0.1\bin\extnet.dll
0x00007ffd2ce90000 - 0x00007ffd2ce9b000 	C:\Windows\System32\rasadhlp.dll
0x00007ffd2dda0000 - 0x00007ffd2de26000 	C:\windows\System32\fwpuclnt.dll
0x00007ffd15940000 - 0x00007ffd1594a000 	C:\Users\hp\.jdks\openjdk-24.0.1\bin\management.dll
0x00007ffd0a8b0000 - 0x00007ffd0a8bb000 	C:\Users\hp\.jdks\openjdk-24.0.1\bin\management_ext.dll
0x00007ffd37cc0000 - 0x00007ffd37cc8000 	C:\windows\System32\PSAPI.DLL
0x00007ffd34f10000 - 0x00007ffd34f2b000 	C:\windows\SYSTEM32\CRYPTSP.dll
0x00007ffd34590000 - 0x00007ffd345c9000 	C:\windows\system32\rsaenh.dll
0x00007ffd34cc0000 - 0x00007ffd34cf2000 	C:\windows\SYSTEM32\USERENV.dll
0x00007ffd35790000 - 0x00007ffd357ba000 	C:\windows\SYSTEM32\bcrypt.dll
0x00007ffd34f30000 - 0x00007ffd34f3c000 	C:\windows\SYSTEM32\CRYPTBASE.dll
0x00007ffcda0c0000 - 0x00007ffcda0d8000 	C:\windows\system32\napinsp.dll
0x00007ffcda0e0000 - 0x00007ffcda0f2000 	C:\windows\System32\winrnr.dll
0x00007ffcda100000 - 0x00007ffcda122000 	C:\windows\system32\nlansp_c.dll
0x00007ffce46b0000 - 0x00007ffce46c6000 	C:\windows\system32\wshbth.dll
0x00007ffd10610000 - 0x00007ffd10666000 	C:\windows\SYSTEM32\pdh.dll
0x00007ffd2c4c0000 - 0x00007ffd2c4d2000 	C:\windows\System32\perfproc.dll
0x00007ffcfda20000 - 0x00007ffcfda31000 	C:\windows\System32\perfos.dll
0x00007ffd33cf0000 - 0x00007ffd33d02000 	C:\windows\SYSTEM32\pfclient.dll
0x00007ffd0a880000 - 0x00007ffd0a88e000 	C:\Users\hp\.jdks\openjdk-24.0.1\bin\sunmscapi.dll
0x00007ffd358a0000 - 0x00007ffd35a17000 	C:\windows\System32\CRYPT32.dll
0x00007ffd351c0000 - 0x00007ffd351f0000 	C:\windows\SYSTEM32\ncrypt.dll
0x00007ffd35170000 - 0x00007ffd351af000 	C:\windows\SYSTEM32\NTASN1.dll
0x00007ffcf7cd0000 - 0x00007ffcf7cd8000 	C:\windows\system32\wshunix.dll
0x00007ffcb4a10000 - 0x00007ffcb4c08000 	C:\Users\hp\AppData\Local\Temp\idea_libasyncProfiler_dll_temp_folder\libasyncProfiler.dll

JVMTI agents:
C:\Program Files\JetBrains\IntelliJ IDEA 2025.1.2\lib\idea_rt.jar path:C:\Users\hp\.jdks\openjdk-24.0.1\bin\instrument.dll, loaded, initialized, instrumentlib options:57051

dbghelp: loaded successfully - version: 4.0.5 - missing functions: none
symbol engine: initialized successfully - sym options: 0x614 - pdb path: .;C:\Users\hp\.jdks\openjdk-24.0.1\bin;C:\windows\SYSTEM32;C:\windows\WinSxS\amd64_microsoft.windows.common-controls_6595b64144ccf1df_6.0.26100.8037_none_3e092faae333b53b;C:\Users\hp\.jdks\openjdk-24.0.1\bin\server;C:\Users\hp\AppData\Local\Temp\idea_libasyncProfiler_dll_temp_folder

VM Arguments:
jvm_args: -XX:TieredStopAtLevel=1 -Dspring.output.ansi.enabled=always -Dcom.sun.management.jmxremote -Dspring.jmx.enabled=true -Dspring.liveBeansView.mbeanDomain -Dspring.application.admin.enabled=true -Dmanagement.endpoints.jmx.exposure.include=* -javaagent:C:\Program Files\JetBrains\IntelliJ IDEA 2025.1.2\lib\idea_rt.jar=57051 -Dfile.encoding=UTF-8 -Dsun.stdout.encoding=UTF-8 -Dsun.stderr.encoding=UTF-8 
java_command: com.fc.wartungski.WartungskiApplication
java_class_path (initial): C:\Users\hp\Downloads\wartungski (1)\wartungski\target\classes;C:\Users\hp\.m2\repository\org\springframework\boot\spring-boot-h2console\4.0.5\spring-boot-h2console-4.0.5.jar;C:\Users\hp\.m2\repository\org\springframework\boot\spring-boot\4.0.5\spring-boot-4.0.5.jar;C:\Users\hp\.m2\repository\org\springframework\spring-core\7.0.6\spring-core-7.0.6.jar;C:\Users\hp\.m2\repository\commons-logging\commons-logging\1.3.6\commons-logging-1.3.6.jar;C:\Users\hp\.m2\repository\org\jspecify\jspecify\1.0.0\jspecify-1.0.0.jar;C:\Users\hp\.m2\repository\org\springframework\spring-context\7.0.6\spring-context-7.0.6.jar;C:\Users\hp\.m2\repository\org\springframework\spring-aop\7.0.6\spring-aop-7.0.6.jar;C:\Users\hp\.m2\repository\org\springframework\spring-beans\7.0.6\spring-beans-7.0.6.jar;C:\Users\hp\.m2\repository\org\springframework\spring-expression\7.0.6\spring-expression-7.0.6.jar;C:\Users\hp\.m2\repository\io\micrometer\micrometer-observation\1.16.4\micrometer-observation-1.16.4.jar;C:\Users\hp\.m2\repository\io\micrometer\micrometer-commons\1.16.4\micrometer-commons-1.16.4.jar;C:\Users\hp\.m2\repository\jakarta\servlet\jakarta.servlet-api\6.1.0\jakarta.servlet-api-6.1.0.jar;C:\Users\hp\.m2\repository\org\springframework\boot\spring-boot-starter-data-jpa\4.0.5\spring-boot-starter-data-jpa-4.0.5.jar;C:\Users\hp\.m2\repository\org\springframework\boot\spring-boot-starter\4.0.5\spring-boot-starter-4.0.5.jar;C:\Users\hp\.m2\repository\org\springframework\boot\spring-boot-starter-logging\4.0.5\spring-boot-starter-logging-4.0.5.jar;C:\Users\hp\.m2\repository\ch\qos\logback\logback-classic\1.5.32\logback-classic-1.5.32.jar;C:\Users\hp\.m2\repository\ch\qos\logback\logback-core\1.5.32\logback-core-1.5.32.jar;C:\Users\hp\.m2\repository\org\apache\logging\log4j\log4j-to-slf4j\2.25.3\log4j-to-slf4j-2.25.3.jar;C:\Users\hp\.m2\repository\org\apache\logging\log4j\log4j-api\2.25.3\log4j-api-2.25.3.jar;C:\Users\hp\.m2\repository\org\slf4j\jul-to-slf4j\2.0.17\jul-to-slf4j-2.0.17.jar;C:\Users\hp\.m2\repository\org\springframework\boot\spring-boot-autoconfigure\4.0.5\spring-boot-autoconfigure-4.0.5.jar;C:\Users\hp\.m2\repository\jakarta\annotation\jakarta.annotation-api\3.0.0\jakarta.annotation-api-3.0.0.jar;C:\Users\hp\.m2\repository\org\yaml\snakeyaml\2.5\snakeyaml-2.5.jar;C:\Users\hp\.m2\repository\org\springframework\boot\spring-boot-starter-jdbc\4.0.5\spring-boot-starter-jdbc-4.0.5.jar;C:\Users\hp\.m2\repository\com\zaxxer\HikariCP\7.0.2\HikariCP-7.0.2.jar;C:\Users\hp\.m2\repository\org\slf4j\slf4j-api\2.0.17\slf4j-api-2.0.17.jar;C:\Users\hp\.m2\repository\org\springframework\boot\spring-boot-data-jpa\4.0.5\spring-boot-data-jpa-4.0.5.jar;C:\Users\hp\.m2\repository\org\springframework\boot\spring-boot-data-commons\4.0.5\spring-boot-data-commons-4.0.5.jar;C:\Users\hp\.m2\repository\org\springframework\boot\spring-boot-persistence\4.0.5\spring-boot-persistence-4.0.5.jar;C:\Users\hp\.m2\repository\org\springframework\data\spring-data-commons\4.0.4\spring-data-commons-4.0.4.jar;C:\Users\hp\.m2\repository\org\springframework\boot\spring-boot-hibernate\4.0.5\spring-boot-hibernate-4.0.5.jar;C:\Users\hp\.m2\repository\org\springframework\boot\spring-boot-jpa\4.0.5\spring-boot-jpa-4.0.5.jar;C:\Users\hp\.m2\repository\jakarta\persistence\jakarta.persistence-api\3.2.0\jakarta.persistence-api-3.2.0.jar;C:\Users\hp\.m2\repository\org\hibernate\orm\hibernate-core\7.2.7.Final\hibernate-core-7.2.7.Final.jar;C:\Users\hp\.m2\repository\jakarta\transaction\jakarta.transaction-api\2.0.1\jakarta.transaction-api-2.0.1.jar;C:\Users\hp\.m2\repository\org\jboss\logging\jboss-logging\3.6.3.Final\jboss-logging-3.6.3.Final.jar;C:\Users\hp\.m2\repository\org\hibernate\models\hibernate-models\1.0.1\hibernate-models-1.0.1.jar;C:\Users\hp\.m2\repository\com\fasterxml\classmate\1.7.3\classmate-1.7.3.jar;C:\Users\hp\.m2\repository\org\glassfish\jaxb\jaxb-runtime\4.0.6\jaxb-runtime-4.0.6.jar;C:\Users\hp\.m2\repository\org\glassfish\jaxb\jaxb-core\4.0.6\jaxb-core-4.0.6.jar;C:\Users\hp\.m2\repository\org\eclipse\angus\angus-activation\2.0.3\angus-activation-2.0.3.jar;C:\Users\hp\.m2\repository\org\glassfish\jaxb\txw2\4.0.6\txw2-4.0.6.jar;C:\Users\hp\.m2\repository\com\sun\istack\istack-commons-runtime\4.1.2\istack-commons-runtime-4.1.2.jar;C:\Users\hp\.m2\repository\jakarta\inject\jakarta.inject-api\2.0.1\jakarta.inject-api-2.0.1.jar;C:\Users\hp\.m2\repository\org\springframework\spring-orm\7.0.6\spring-orm-7.0.6.jar;C:\Users\hp\.m2\repository\org\springframework\data\spring-data-jpa\4.0.4\spring-data-jpa-4.0.4.jar;C:\Users\hp\.m2\repository\org\springframework\spring-tx\7.0.6\spring-tx-7.0.6.jar;C:\Users\hp\.m2\repository\org\antlr\antlr4-runtime\4.13.2\antlr4-runtime-4.13.2.jar;C:\Users\hp\.m2\repository\org\springframework\spring-aspects\7.0.6\spring-aspects-7.0.6.jar;C:\Users\hp\.m2\repository\org\aspectj\aspectjweaver\1.9.25.1\aspectjweaver-1.9.25.1.jar;C:\Users\hp\.m2\repository\org\springframework\boot\spring-boot-jdbc\4.0.5\spring-boot-jdbc-4.0.5.jar;C:\Users\hp\.m2\repository\org\springframework\boot\spring-boot-sql\4.0.5\spring-boot-sql-4.0.5.jar;C:\Users\hp\.m2\repository\org\springframework\boot\spring-boot-transaction\4.0.5\spring-boot-transaction-4.0.5.jar;C:\Users\hp\.m2\repository\org\springframework\spring-jdbc\7.0.6\spring-jdbc-7.0.6.jar;C:\Users\hp\.m2\repository\org\springframework\boot\spring-boot-starter-thymeleaf\4.0.5\spring-boot-starter-thymeleaf-4.0.5.jar;C:\Users\hp\.m2\repository\org\springframework\boot\spring-boot-thymeleaf\4.0.5\spring-boot-thymeleaf-4.0.5.jar;C:\Users\hp\.m2\repository\org\thymeleaf\thymeleaf-spring6\3.1.3.RELEASE\thymeleaf-spring6-3.1.3.RELEASE.jar;C:\Users\hp\.m2\repository\org\thymeleaf\thymeleaf\3.1.3.RELEASE\thymeleaf-3.1.3.RELEASE.jar;C:\Users\hp\.m2\repository\org\attoparser\attoparser\2.0.7.RELEASE\attoparser-2.0.7.RELEASE.jar;C:\Users\hp\.m2\repository\org\unbescape\unbescape\1.1.6.RELEASE\unbescape-1.1.6.RELEASE.jar;C:\Users\hp\.m2\repository\org\springframework\spring-web\7.0.6\spring-web-7.0.6.jar;C:\Users\hp\.m2\repository\org\springframework\boot\spring-boot-starter-webmvc\4.0.5\spring-boot-starter-webmvc-4.0.5.jar;C:\Users\hp\.m2\repository\org\springframework\boot\spring-boot-starter-jackson\4.0.5\spring-boot-starter-jackson-4.0.5.jar;C:\Users\hp\.m2\repository\org\springframework\boot\spring-boot-jackson\4.0.5\spring-boot-jackson-4.0.5.jar;C:\Users\hp\.m2\repository\tools\jackson\core\jackson-databind\3.1.0\jackson-databind-3.1.0.jar;C:\Users\hp\.m2\repository\com\fasterxml\jackson\core\jackson-annotations\2.21\jackson-annotations-2.21.jar;C:\Users\hp\.m2\repository\tools\jackson\core\jackson-core\3.1.0\jackson-core-3.1.0.jar;C:\Users\hp\.m2\repository\org\springframework\boot\spring-boot-starter-tomcat\4.0.5\spring-boot-starter-tomcat-4.0.5.jar;C:\Users\hp\.m2\repository\org\springframework\boot\spring-boot-starter-tomcat-runtime\4.0.5\spring-boot-starter-tomcat-runtime-4.0.5.jar;C:\Users\hp\.m2\repository\org\apache\tomcat\embed\tomcat-embed-core\11.0.20\tomcat-embed-core-11.0.20.jar;C:\Users\hp\.m2\repository\org\apache\tomcat\embed\tomcat-embed-el\11.0.20\tomcat-embed-el-11.0.20.jar;C:\Users\hp\.m2\repository\org\apache\tomcat\embed\tomcat-embed-websocket\11.0.20\tomcat-embed-websocket-11.0.20.jar;C:\Users\hp\.m2\repository\org\springframework\boot\spring-boot-tomcat\4.0.5\spring-boot-tomcat-4.0.5.jar;C:\Users\hp\.m2\repository\org\springframework\boot\spring-boot-http-converter\4.0.5\spring-boot-http-converter-4.0.5.jar;C:\Users\hp\.m2\repository\org\springframework\boot\spring-boot-webmvc\4.0.5\spring-boot-webmvc-4.0.5.jar;C:\Users\hp\.m2\repository\org\springframework\boot\spring-boot-servlet\4.0.5\spring-boot-servlet-4.0.5.jar;C:\Users\hp\.m2\repository\org\springframework\spring-webmvc\7.0.6\spring-webmvc-7.0.6.jar;C:\Users\hp\.m2\repository\com\h2database\h2\2.4.240\h2-2.4.240.jar;C:\Users\hp\.m2\repository\org\projectlombok\lombok\1.18.44\lombok-1.18.44.jar;C:\Users\hp\.m2\repository\jakarta\xml\bind\jakarta.xml.bind-api\4.0.4\jakarta.xml.bind-api-4.0.4.jar;C:\Users\hp\.m2\repository\jakarta\activation\jakarta.activation-api\2.1.4\jakarta.activation-api-2.1.4.jar;C:\Users\hp\.m2\repository\net\bytebuddy\byte-buddy\1.17.8\byte-buddy-1.17.8.jar;C:\Users\hp\.m2\repository\org\springframework\boot\spring-boot-web-server\4.0.5\spring-boot-web-server-4.0.5.jar
Launcher Type: SUN_STANDARD

[Global flags]
     intx CICompilerCount                          = 12                                        {product} {ergonomic}
     uint ConcGCThreads                            = 3                                         {product} {ergonomic}
     bool FlightRecorder                           = true                                      {product} {management}
     uint G1ConcRefinementThreads                  = 13                                        {product} {ergonomic}
   size_t G1HeapRegionSize                         = 2097152                                   {product} {ergonomic}
   size_t InitialHeapSize                          = 264241152                                 {product} {ergonomic}
     bool ManagementServer                         = true                                      {product} {command line}
   size_t MarkStackSize                            = 4194304                                   {product} {ergonomic}
   size_t MarkStackSizeMax                         = 536870912                                 {product} {ergonomic}
   size_t MaxHeapSize                              = 4202692608                                {product} {ergonomic}
   size_t MaxNewSize                               = 2520776704                                {product} {ergonomic}
   size_t MinHeapDeltaBytes                        = 2097152                                   {product} {ergonomic}
   size_t MinHeapSize                              = 8388608                                   {product} {ergonomic}
    uintx NonNMethodCodeHeapSize                   = 4096                                   {pd product} {ergonomic}
    uintx NonProfiledCodeHeapSize                  = 0                                      {pd product} {ergonomic}
     bool ProfileInterpreter                       = false                                  {pd product} {command line}
    uintx ProfiledCodeHeapSize                     = 0                                      {pd product} {ergonomic}
   size_t SoftMaxHeapSize                          = 4202692608                             {manageable} {ergonomic}
     intx TieredStopAtLevel                        = 1                                         {product} {command line}
     bool UseCompressedOops                        = true                           {product lp64_product} {ergonomic}
     bool UseG1GC                                  = true                                      {product} {ergonomic}
     bool UseLargePagesIndividualAllocation        = false                                  {pd product} {ergonomic}

Logging:
Log output configuration:
 #0: stdout all=warning uptime,level,tags foldmultilines=false
 #1: stderr all=off uptime,level,tags foldmultilines=false

Environment Variables:
PATH=C:\windows\system32;C:\windows;C:\windows\System32\Wbem;C:\windows\System32\WindowsPowerShell\v1.0\;C:\windows\System32\OpenSSH\;C:\Program Files (x86)\NVIDIA Corporation\PhysX\Common;C:\Program Files\NVIDIA Corporation\NVIDIA NvDLISR;C:\Users\Administrator\AppData\Local\Microsoft\WindowsApps;C:\Program Files\HP\OMEN-Broadcast\Common;C:\Program Files (x86)\Microsoft SQL Server\160\Tools\Binn\;C:\Program Files\Microsoft SQL Server\160\Tools\Binn\;C:\Program Files\Microsoft SQL Server\Client SDK\ODBC\170\Tools\Binn\;C:\Program Files\Microsoft SQL Server\160\DTS\Binn\;C:\Program Files (x86)\Microsoft SQL Server\150\Tools\Binn\;C:\Program Files\Microsoft SQL Server\150\Tools\Binn\;C:\Program Files\Microsoft SQL Server\150\DTS\Binn\;C:\Program Files\Microsoft SQL Server\170\DTS\Binn\;C:\Program Files (x86)\Microsoft SQL Server\170\Tools\Binn\;C:\Program Files\Microsoft SQL Server\170\Tools\Binn\;C:\Program Files\Microsoft SQL Server\Client SDK\ODBC\180\Tools\Binn\;C:\Program Files\nodejs\;C:\Program Files\Amazon\AWSCLIV2\;C:\Users\hp\AppData\Local\Programs\Python\Launcher\;C:\Users\hp\AppData\Local\Microsoft\WindowsApps;C:\Users\hp\AppData\Local\Programs\Antigravity\bin;C:\Users\hp\AppData\Roaming\npm
USERNAME=hp
OS=Windows_NT
PROCESSOR_IDENTIFIER=Intel64 Family 6 Model 186 Stepping 2, GenuineIntel
TMP=C:\Users\hp\AppData\Local\Temp
TEMP=C:\Users\hp\AppData\Local\Temp




Periodic native trim disabled

---------------  S Y S T E M  ---------------

OS:
 Windows 11 , 64 bit Build 26100 (10.0.26100.7920)
OS uptime: 14 days 13:05 hours
Hyper-V role detected

CPU: total 16 (initial active 16) (8 cores per cpu, 2 threads per core) family 6 model 186 stepping 2 microcode 0x4123, cx8, cmov, fxsr, ht, mmx, 3dnowpref, sse, sse2, sse3, ssse3, sse4.1, sse4.2, popcnt, lzcnt, tsc, tscinvbit, avx, avx2, aes, erms, clmul, bmi1, bmi2, adx, sha, fma, vzeroupper, clflush, clflushopt, clwb, hv, serialize, rdtscp, rdpid, fsrm, gfni, f16c, cet_ibt, cet_ss
Processor Information for processor 0
  Max Mhz: 2400, Current Mhz: 2400, Mhz Limit: 2400
Processor Information for processor 1
  Max Mhz: 2400, Current Mhz: 2400, Mhz Limit: 2400
Processor Information for processor 2
  Max Mhz: 2400, Current Mhz: 2400, Mhz Limit: 2400
Processor Information for processor 3
  Max Mhz: 2400, Current Mhz: 2400, Mhz Limit: 2400
Processor Information for processor 4
  Max Mhz: 2400, Current Mhz: 2400, Mhz Limit: 2400
Processor Information for processor 5
  Max Mhz: 2400, Current Mhz: 1520, Mhz Limit: 2400
Processor Information for processor 6
  Max Mhz: 2400, Current Mhz: 2400, Mhz Limit: 2400
Processor Information for processor 7
  Max Mhz: 2400, Current Mhz: 1520, Mhz Limit: 2400
Processor Information for processor 8
  Max Mhz: 2400, Current Mhz: 2400, Mhz Limit: 2400
Processor Information for processor 9
  Max Mhz: 2400, Current Mhz: 2400, Mhz Limit: 2400
Processor Information for processor 10
  Max Mhz: 2400, Current Mhz: 2400, Mhz Limit: 2400
Processor Information for processor 11
  Max Mhz: 2400, Current Mhz: 2400, Mhz Limit: 2400
Processor Information for processor 12
  Max Mhz: 2400, Current Mhz: 2400, Mhz Limit: 2400
Processor Information for processor 13
  Max Mhz: 2400, Current Mhz: 2400, Mhz Limit: 2400
Processor Information for processor 14
  Max Mhz: 2400, Current Mhz: 2400, Mhz Limit: 2400
Processor Information for processor 15
  Max Mhz: 2400, Current Mhz: 2400, Mhz Limit: 2400

Memory: 4k page, system-wide physical 16024M (2675M free)
TotalPageFile size 28312M (AvailPageFile size 7791M)
current process WorkingSet (physical memory assigned to process): 254M, peak: 254M
current process commit charge ("private bytes"): 330M, peak: 389M

vm_info: OpenJDK 64-Bit Server VM (24.0.1+9-30) for windows-amd64 JRE (24.0.1+9-30), built on 2025-03-05T07:23:45Z with MS VC++ 17.6 (VS2022)

END.
